nohup: Eingabe wird ignoriert
To honour the JVM settings for this build a single-use Daemon process will be forked. For more on this, please refer to https://docs.gradle.org/9.0.0/userguide/gradle_daemon.html#sec:disabling_the_daemon in the Gradle documentation.
Daemon will be stopped at the end of the build 
Type-safe project accessors is an incubating feature.
> Task :core:core-domain:checkKotlinGradlePluginConfigurationErrors SKIPPED
> Task :infrastructure:auth:auth-client:checkKotlinGradlePluginConfigurationErrors SKIPPED
> Task :platform:platform-dependencies:checkKotlinGradlePluginConfigurationErrors SKIPPED
> Task :infrastructure:auth:auth-server:checkKotlinGradlePluginConfigurationErrors SKIPPED
> Task :core:core-utils:checkKotlinGradlePluginConfigurationErrors SKIPPED
> Task :core:core-utils:jvmProcessResources NO-SOURCE
> Task :infrastructure:auth:auth-client:processResources NO-SOURCE
> Task :core:core-utils:processJvmMainResources SKIPPED
> Task :platform:platform-dependencies:compileKotlin NO-SOURCE
> Task :platform:platform-dependencies:compileJava NO-SOURCE
> Task :platform:platform-dependencies:processResources NO-SOURCE
> Task :platform:platform-dependencies:classes UP-TO-DATE
> Task :infrastructure:auth:auth-server:processResources UP-TO-DATE
> Task :platform:platform-dependencies:jar UP-TO-DATE
> Task :core:core-domain:compileKotlinJvm UP-TO-DATE
> Task :core:core-domain:compileJvmMainJava NO-SOURCE
> Task :core:core-domain:jvmProcessResources NO-SOURCE
> Task :core:core-domain:processJvmMainResources SKIPPED
> Task :core:core-domain:jvmMainClasses UP-TO-DATE
> Task :core:core-domain:jvmJar UP-TO-DATE
> Task :core:core-utils:compileKotlinJvm UP-TO-DATE
> Task :core:core-utils:compileJvmMainJava NO-SOURCE
> Task :core:core-utils:jvmMainClasses UP-TO-DATE
> Task :core:core-utils:jvmJar UP-TO-DATE
> Task :infrastructure:auth:auth-client:compileKotlin UP-TO-DATE
> Task :infrastructure:auth:auth-client:compileJava NO-SOURCE
> Task :infrastructure:auth:auth-client:classes UP-TO-DATE
> Task :infrastructure:auth:auth-client:jar UP-TO-DATE
> Task :infrastructure:auth:auth-server:compileKotlin UP-TO-DATE
> Task :infrastructure:auth:auth-server:compileJava NO-SOURCE
> Task :infrastructure:auth:auth-server:classes UP-TO-DATE
> Task :infrastructure:auth:auth-server:resolveMainClassName UP-TO-DATE

> Task :infrastructure:auth:auth-server:bootRun

  .   ____          _            __ _ _
 /\\ / ___'_ __ _ _(_)_ __  __ _ \ \ \ \
( ( )\___ | '_ | '_| | '_ \/ _` | \ \ \ \
 \\/  ___)| |_)| | | | | || (_| |  ) ) ) )
  '  |____| .__|_| |_|_| |_\__, | / / / /
 =========|_|==============|___/=/_/_/_/

 :: Spring Boot ::                (v3.5.5)

2025-09-04T20:54:29.272+02:00  INFO 180100 --- [auth-server] [           main] [                                                 ] a.m.i.auth.AuthServerApplicationKt       : Starting AuthServerApplicationKt using Java 21.0.8 with PID 180100 (/home/stefan-mo/WsMeldestelle/Meldestelle/infrastructure/auth/auth-server/build/classes/kotlin/main started by stefan-mo in /home/stefan-mo/WsMeldestelle/Meldestelle/infrastructure/auth/auth-server)
2025-09-04T20:54:29.274+02:00 DEBUG 180100 --- [auth-server] [           main] [                                                 ] a.m.i.auth.AuthServerApplicationKt       : Running with Spring Boot v3.5.5, Spring v6.2.10
2025-09-04T20:54:29.275+02:00  INFO 180100 --- [auth-server] [           main] [                                                 ] a.m.i.auth.AuthServerApplicationKt       : No active profile set, falling back to 1 default profile: "default"
2025-09-04T20:54:30.158+02:00  INFO 180100 --- [auth-server] [           main] [                                                 ] o.s.cloud.context.scope.GenericScope     : BeanFactory id=805ebb45-6a2f-3494-8e7a-1901c257e268
2025-09-04T20:54:30.357+02:00  INFO 180100 --- [auth-server] [           main] [                                                 ] o.s.b.w.embedded.tomcat.TomcatWebServer  : Tomcat initialized with port 0 (http)
2025-09-04T20:54:30.368+02:00  INFO 180100 --- [auth-server] [           main] [                                                 ] o.apache.catalina.core.StandardService   : Starting service [Tomcat]
2025-09-04T20:54:30.369+02:00  INFO 180100 --- [auth-server] [           main] [                                                 ] o.apache.catalina.core.StandardEngine    : Starting Servlet engine: [Apache Tomcat/10.1.44]
2025-09-04T20:54:30.412+02:00  INFO 180100 --- [auth-server] [           main] [                                                 ] o.a.c.c.C.[Tomcat].[localhost].[/]       : Initializing Spring embedded WebApplicationContext
2025-09-04T20:54:30.413+02:00  INFO 180100 --- [auth-server] [           main] [                                                 ] w.s.c.ServletWebServerApplicationContext : Root WebApplicationContext: initialization completed in 1106 ms
[SECURITY WARNING] Using default JWT secret – DO NOT use this in production!
2025-09-04T20:54:31.342+02:00 DEBUG 180100 --- [auth-server] [           main] [                                                 ] swordEncoderAuthenticationManagerBuilder : No authenticationProviders and no parentAuthenticationManager defined. Returning null.
2025-09-04T20:54:31.406+02:00 DEBUG 180100 --- [auth-server] [           main] [                                                 ] o.s.s.web.DefaultSecurityFilterChain     : Will secure any request with filters: DisableEncodeUrlFilter, WebAsyncManagerIntegrationFilter, SecurityContextHolderFilter, HeaderWriterFilter, CsrfFilter, LogoutFilter, BearerTokenAuthenticationFilter, AuthenticationFilter, RequestCacheAwareFilter, SecurityContextHolderAwareRequestFilter, AnonymousAuthenticationFilter, ExceptionTranslationFilter, AuthorizationFilter
2025-09-04T20:54:31.421+02:00  INFO 180100 --- [auth-server] [           main] [                                                 ] o.s.b.a.e.web.EndpointLinksResolver      : Exposing 2 endpoints beneath base path '/actuator'
2025-09-04T20:54:31.515+02:00  WARN 180100 --- [auth-server] [           main] [                                                 ] iguration$LoadBalancerCaffeineWarnLogger : Spring Cloud LoadBalancer is currently working with the default cache. While this cache implementation is useful for development and tests, it's recommended to use Caffeine cache in production.You can switch to using Caffeine cache, by adding it and org.springframework.cache.caffeine.CaffeineCacheManager to the classpath.
2025-09-04T20:54:31.568+02:00  INFO 180100 --- [auth-server] [           main] [                                                 ] o.s.b.w.embedded.tomcat.TomcatWebServer  : Tomcat started on port 39071 (http) with context path '/'
2025-09-04T20:54:31.570+02:00  INFO 180100 --- [auth-server] [           main] [                                                 ] o.s.c.c.s.ConsulServiceRegistry          : Registering service with consul: NewService{id='auth-server-0', name='auth-server', tags=[], address='10.0.0.18', meta={secure=false}, port=39071, enableTagOverride=null, check=Check{script='null', dockerContainerID='null', shell='null', interval='10s', ttl='null', http='http://10.0.0.18:39071/actuator/health', method='null', header={}, tcp='null', timeout='null', deregisterCriticalServiceAfter='null', tlsSkipVerify=null, status='null', grpc='null', grpcUseTLS=null}, checks=null}
2025-09-04T20:54:31.623+02:00  INFO 180100 --- [auth-server] [           main] [                                                 ] a.m.i.auth.AuthServerApplicationKt       : Started AuthServerApplicationKt in 2.655 seconds (process running for 2.978)
2025-09-04T20:54:34.806+02:00  INFO 180100 --- [auth-server] [o-auto-1-exec-1] [                                                 ] o.a.c.c.C.[Tomcat].[localhost].[/]       : Initializing Spring DispatcherServlet 'dispatcherServlet'
2025-09-04T20:54:34.806+02:00  INFO 180100 --- [auth-server] [o-auto-1-exec-1] [                                                 ] o.s.web.servlet.DispatcherServlet        : Initializing Servlet 'dispatcherServlet'
2025-09-04T20:54:34.808+02:00  INFO 180100 --- [auth-server] [o-auto-1-exec-1] [                                                 ] o.s.web.servlet.DispatcherServlet        : Completed initialization in 1 ms
2025-09-04T20:54:34.827+02:00 DEBUG 180100 --- [auth-server] [o-auto-1-exec-1] [68b9e06ab81d812d567347b316402ba5-567347b316402ba5] o.s.security.web.FilterChainProxy        : Securing GET /actuator/health
2025-09-04T20:54:34.838+02:00 DEBUG 180100 --- [auth-server] [o-auto-1-exec-1] [68b9e06ab81d812d567347b316402ba5-b753b7538420bbf3] o.s.s.w.a.AnonymousAuthenticationFilter  : Set SecurityContextHolder to anonymous SecurityContext
2025-09-04T20:54:44.851+02:00 DEBUG 180100 --- [auth-server] [o-auto-1-exec-2] [68b9e074c2af6910cc4b16de7c5daa44-cc4b16de7c5daa44] o.s.security.web.FilterChainProxy        : Securing GET /actuator/health
2025-09-04T20:54:44.852+02:00 DEBUG 180100 --- [auth-server] [o-auto-1-exec-2] [68b9e074c2af6910cc4b16de7c5daa44-4670a27276f588d2] o.s.s.w.a.AnonymousAuthenticationFilter  : Set SecurityContextHolder to anonymous SecurityContext
2025-09-04T20:54:54.857+02:00 DEBUG 180100 --- [auth-server] [o-auto-1-exec-3] [68b9e07e18e2d53578899edab52eedda-78899edab52eedda] o.s.security.web.FilterChainProxy        : Securing GET /actuator/health
2025-09-04T20:54:54.859+02:00 DEBUG 180100 --- [auth-server] [o-auto-1-exec-3] [68b9e07e18e2d53578899edab52eedda-ea5ed6b01f42e1c5] o.s.s.w.a.AnonymousAuthenticationFilter  : Set SecurityContextHolder to anonymous SecurityContext
2025-09-04T20:54:55.900+02:00  WARN 180100 --- [auth-server] [/api/v2/spans}}] [                                                 ] z.r.i.AsyncReporter$BoundedAsyncReporter : Spans were dropped due to exceptions. All subsequent errors will be logged at FINE level.
2025-09-04T20:54:55.900+02:00  WARN 180100 --- [auth-server] [/api/v2/spans}}] [                                                 ] z.r.i.AsyncReporter$BoundedAsyncReporter : Dropped 4 spans due to ConnectException()

java.net.ConnectException: null
	at java.net.http/jdk.internal.net.http.HttpClientImpl.send(HttpClientImpl.java:955) ~[java.net.http:na]
	at java.net.http/jdk.internal.net.http.HttpClientFacade.send(HttpClientFacade.java:133) ~[java.net.http:na]
	at org.springframework.boot.actuate.autoconfigure.tracing.zipkin.ZipkinHttpClientSender.postSpans(ZipkinHttpClientSender.java:60) ~[spring-boot-actuator-autoconfigure-3.5.5.jar:3.5.5]
	at org.springframework.boot.actuate.autoconfigure.tracing.zipkin.HttpSender.postSpans(HttpSender.java:69) ~[spring-boot-actuator-autoconfigure-3.5.5.jar:3.5.5]
	at org.springframework.boot.actuate.autoconfigure.tracing.zipkin.HttpSender.postSpans(HttpSender.java:41) ~[spring-boot-actuator-autoconfigure-3.5.5.jar:3.5.5]
	at zipkin2.reporter.BaseHttpSender.send(BaseHttpSender.java:123) ~[zipkin-reporter-3.5.1.jar:na]
	at zipkin2.reporter.internal.AsyncReporter$BoundedAsyncReporter.flush(AsyncReporter.java:266) ~[zipkin-reporter-3.5.1.jar:na]
	at zipkin2.reporter.internal.AsyncReporter$Flusher.run(AsyncReporter.java:352) ~[zipkin-reporter-3.5.1.jar:na]
	at java.base/java.lang.Thread.run(Thread.java:1583) ~[na:na]
Caused by: java.net.ConnectException: null
	at java.net.http/jdk.internal.net.http.common.Utils.toConnectException(Utils.java:1066) ~[java.net.http:na]
	at java.net.http/jdk.internal.net.http.PlainHttpConnection.connectAsync(PlainHttpConnection.java:227) ~[java.net.http:na]
	at java.net.http/jdk.internal.net.http.PlainHttpConnection.checkRetryConnect(PlainHttpConnection.java:280) ~[java.net.http:na]
	at java.net.http/jdk.internal.net.http.PlainHttpConnection.lambda$connectAsync$2(PlainHttpConnection.java:238) ~[java.net.http:na]
	at java.base/java.util.concurrent.CompletableFuture.uniHandle(CompletableFuture.java:934) ~[na:na]
	at java.base/java.util.concurrent.CompletableFuture$UniHandle.tryFire(CompletableFuture.java:911) ~[na:na]
	at java.base/java.util.concurrent.CompletableFuture.postComplete(CompletableFuture.java:510) ~[na:na]
	at java.base/java.util.concurrent.CompletableFuture$AsyncSupply.run(CompletableFuture.java:1773) ~[na:na]
	at java.base/java.util.concurrent.ThreadPoolExecutor.runWorker(ThreadPoolExecutor.java:1144) ~[na:na]
	at java.base/java.util.concurrent.ThreadPoolExecutor$Worker.run(ThreadPoolExecutor.java:642) ~[na:na]
	... 1 common frames omitted
Caused by: java.nio.channels.ClosedChannelException: null
	at java.base/sun.nio.ch.SocketChannelImpl.ensureOpen(SocketChannelImpl.java:202) ~[na:na]
	at java.base/sun.nio.ch.SocketChannelImpl.beginConnect(SocketChannelImpl.java:786) ~[na:na]
	at java.base/sun.nio.ch.SocketChannelImpl.connect(SocketChannelImpl.java:874) ~[na:na]
	at java.net.http/jdk.internal.net.http.PlainHttpConnection.lambda$connectAsync$1(PlainHttpConnection.java:210) ~[java.net.http:na]
	at java.base/java.security.AccessController.doPrivileged(AccessController.java:571) ~[na:na]
	at java.net.http/jdk.internal.net.http.PlainHttpConnection.connectAsync(PlainHttpConnection.java:212) ~[java.net.http:na]
	... 9 common frames omitted

2025-09-04T20:54:55.957+02:00 DEBUG 180100 --- [auth-server] [o-auto-1-exec-4] [68b9e07fd3915fc050ac853ad7cb2509-50ac853ad7cb2509] o.s.security.web.FilterChainProxy        : Securing GET /actuator/health
2025-09-04T20:54:55.958+02:00 DEBUG 180100 --- [auth-server] [o-auto-1-exec-4] [68b9e07fd3915fc050ac853ad7cb2509-e16aa32d5fdf3d31] o.s.s.w.a.AnonymousAuthenticationFilter  : Set SecurityContextHolder to anonymous SecurityContext
2025-09-04T20:54:55.967+02:00 DEBUG 180100 --- [auth-server] [o-auto-1-exec-4] [68b9e07fd3915fc050ac853ad7cb2509-d0ddfc80742273ed] o.s.s.w.s.HttpSessionRequestCache        : Saved request http://localhost:39071/actuator/health?continue to session
2025-09-04T20:55:04.867+02:00 DEBUG 180100 --- [auth-server] [o-auto-1-exec-6] [68b9e08839274bcbc77904d7c8f2e483-c77904d7c8f2e483] o.s.security.web.FilterChainProxy        : Securing GET /actuator/health
2025-09-04T20:55:04.868+02:00 DEBUG 180100 --- [auth-server] [o-auto-1-exec-6] [68b9e08839274bcbc77904d7c8f2e483-9bb9848c518a792d] o.s.s.w.a.AnonymousAuthenticationFilter  : Set SecurityContextHolder to anonymous SecurityContext
2025-09-04T20:55:14.872+02:00 DEBUG 180100 --- [auth-server] [o-auto-1-exec-7] [68b9e092339fa29e2ac7441cf39d0cf9-2ac7441cf39d0cf9] o.s.security.web.FilterChainProxy        : Securing GET /actuator/health
2025-09-04T20:55:14.874+02:00 DEBUG 180100 --- [auth-server] [o-auto-1-exec-7] [68b9e092339fa29e2ac7441cf39d0cf9-3d19a1baf3d5aa0d] o.s.s.w.a.AnonymousAuthenticationFilter  : Set SecurityContextHolder to anonymous SecurityContext
2025-09-04T20:55:24.879+02:00 DEBUG 180100 --- [auth-server] [o-auto-1-exec-8] [68b9e09ce7a919dae371b9bcde99c81d-e371b9bcde99c81d] o.s.security.web.FilterChainProxy        : Securing GET /actuator/health
2025-09-04T20:55:24.880+02:00 DEBUG 180100 --- [auth-server] [o-auto-1-exec-8] [68b9e09ce7a919dae371b9bcde99c81d-0ce6e2b8eba0d634] o.s.s.w.a.AnonymousAuthenticationFilter  : Set SecurityContextHolder to anonymous SecurityContext
2025-09-04T20:55:34.885+02:00 DEBUG 180100 --- [auth-server] [o-auto-1-exec-9] [68b9e0a6e050dbbeba1b138422eb0531-ba1b138422eb0531] o.s.security.web.FilterChainProxy        : Securing GET /actuator/health
2025-09-04T20:55:34.886+02:00 DEBUG 180100 --- [auth-server] [o-auto-1-exec-9] [68b9e0a6e050dbbeba1b138422eb0531-f030d9e5a078237d] o.s.s.w.a.AnonymousAuthenticationFilter  : Set SecurityContextHolder to anonymous SecurityContext
2025-09-04T20:55:44.891+02:00 DEBUG 180100 --- [auth-server] [-auto-1-exec-10] [68b9e0b0f185ce98140e1282ccfe8ede-140e1282ccfe8ede] o.s.security.web.FilterChainProxy        : Securing GET /actuator/health
2025-09-04T20:55:44.892+02:00 DEBUG 180100 --- [auth-server] [-auto-1-exec-10] [68b9e0b0f185ce98140e1282ccfe8ede-8706afb37cdb9409] o.s.s.w.a.AnonymousAuthenticationFilter  : Set SecurityContextHolder to anonymous SecurityContext
2025-09-04T20:55:54.896+02:00 DEBUG 180100 --- [auth-server] [o-auto-1-exec-1] [68b9e0ba032915da05cf4cf6adb72a28-05cf4cf6adb72a28] o.s.security.web.FilterChainProxy        : Securing GET /actuator/health
2025-09-04T20:55:54.897+02:00 DEBUG 180100 --- [auth-server] [o-auto-1-exec-1] [68b9e0ba032915da05cf4cf6adb72a28-1ba3f6466fde237e] o.s.s.w.a.AnonymousAuthenticationFilter  : Set SecurityContextHolder to anonymous SecurityContext
2025-09-04T20:56:04.901+02:00 DEBUG 180100 --- [auth-server] [o-auto-1-exec-2] [68b9e0c45d2812940176614389066961-0176614389066961] o.s.security.web.FilterChainProxy        : Securing GET /actuator/health
2025-09-04T20:56:04.902+02:00 DEBUG 180100 --- [auth-server] [o-auto-1-exec-2] [68b9e0c45d2812940176614389066961-0b60ba7403c1654e] o.s.s.w.a.AnonymousAuthenticationFilter  : Set SecurityContextHolder to anonymous SecurityContext
